<?xml version="1.0" encoding="UTF-8"?>
<testsuite name="ExampleJUnitTest" tests="1" skipped="0" failures="0" errors="0" timestamp="2020-09-02T13:58:45" hostname="LAPTOP-PSKNF8A6" time="0.001">
  <properties/>
  <testcase name="test" classname="ExampleJUnitTest" time="0.001"/>
  <system-out><![CDATA[]]></system-out>
  <system-err><![CDATA[]]></system-err>
</testsuite>
